Using pre-set license
Built from '2020.3/staging' branch; Version is '2020.3.8f1 (507919d4fff5) revision 5273881'; Using compiler version '192528614'; Build Type 'Release'
OS: 'Windows 10 Home; OS build 22000.318; Version 2009; 64bit' Language: 'en' Physical Memory: 16282 MB
BatchMode: 1, IsHumanControllingUs: 0, StartBugReporterOnCrash: 0, Is64bit: 1, IsPro: 0

 COMMAND LINE ARGUMENTS:
C:\Program Files\Unity\2020.3.8f1\Editor\Unity.exe
-adb2
-batchMode
-noUpm
-name
AssetImportWorker1
-projectPath
D:/BAI TAP/Project startup/soulconnector
-logFile
Logs/AssetImportWorker1.log
-srvPort
58870
Successfully changed project path to: D:/BAI TAP/Project startup/soulconnector
D:/BAI TAP/Project startup/soulconnector
Using Asset Import Pipeline V2.
Refreshing native plugins compatible for Editor in 71.98 ms, found 11 plugins.
Preloading 1 native plugins for Editor in 0.89 ms.
Initialize engine version: 2020.3.8f1 (507919d4fff5)
[Subsystems] Discovering subsystems at path C:/Program Files/Unity/2020.3.8f1/Editor/Data/Resources/UnitySubsystems
[Subsystems] Discovering subsystems at path D:/BAI TAP/Project startup/soulconnector/Assets
GfxDevice: creating device client; threaded=0
Direct3D:
    Version:  Direct3D 11.0 [level 11.1]
    Renderer: NVIDIA GeForce GTX 1660 Ti (ID=0x2191)
    Vendor:   
    VRAM:     5991 MB
    Driver:   30.0.14.7212
Initialize mono
Mono path[0] = 'C:/Program Files/Unity/2020.3.8f1/Editor/Data/Managed'
Mono path[1] = 'C:/Program Files/Unity/2020.3.8f1/Editor/Data/MonoBleedingEdge/lib/mono/unityjit'
Mono config path = 'C:/Program Files/Unity/2020.3.8f1/Editor/Data/MonoBleedingEdge/etc'
Using monoOptions --debugger-agent=transport=dt_socket,embedding=1,server=y,suspend=n,address=127.0.0.1:56004
Begin MonoManager ReloadAssembly
Registering precompiled unity dll's ...
Register platform support module: C:/Program Files/Unity/2020.3.8f1/Editor/Data/PlaybackEngines/WebGLSupport/UnityEditor.WebGL.Extensions.dll
Register platform support module: C:/Program Files/Unity/2020.3.8f1/Editor/Data/PlaybackEngines/MacStandaloneSupport/UnityEditor.OSXStandalone.Extensions.dll
Register platform support module: C:/Program Files/Unity/2020.3.8f1/Editor/Data/PlaybackEngines/WindowsStandaloneSupport/UnityEditor.WindowsStandalone.Extensions.dll
Registered in 0.002883 seconds.
Native extension for WindowsStandalone target not found
Native extension for OSXStandalone target not found
Native extension for WebGL target not found
Refreshing native plugins compatible for Editor in 54.01 ms, found 11 plugins.
Preloading 1 native plugins for Editor in 0.06 ms.
Mono: successfully reloaded assembly
- Completed reload, in  2.797 seconds
Platform modules already initialized, skipping
Registering precompiled user dll's ...
Registered in 0.009002 seconds.
Begin MonoManager ReloadAssembly
Native extension for WindowsStandalone target not found
Native extension for OSXStandalone target not found
Native extension for WebGL target not found
Refreshing native plugins compatible for Editor in 58.70 ms, found 11 plugins.
Preloading 1 native plugins for Editor in 0.08 ms.
Mono: successfully reloaded assembly
- Completed reload, in  1.365 seconds
Platform modules already initialized, skipping
========================================================================
Worker process is ready to serve import requests
Launched and connected shader compiler UnityShaderCompiler.exe after 0.09 seconds
Refreshing native plugins compatible for Editor in 1.30 ms, found 11 plugins.
Preloading 1 native plugins for Editor in 0.07 ms.
Unloading 2012 Unused Serialized files (Serialized files now loaded: 0)
System memory in use before: 86.1 MB.
System memory in use after: 86.1 MB.

Unloading 109 unused Assets to reduce memory usage. Loaded Objects now: 2369.
Total: 2.304000 ms (FindLiveObjects: 0.230900 ms CreateObjectMapping: 0.101800 ms MarkObjects: 1.860200 ms  DeleteObjects: 0.109900 ms)

========================================================================
Received Prepare
Refreshing native plugins compatible for Editor in 24.70 ms, found 11 plugins.
Preloading 1 native plugins for Editor in 0.10 ms.
Unloading 101 Unused Serialized files (Serialized files now loaded: 0)
System memory in use before: 46.6 MB.
System memory in use after: 46.7 MB.

Unloading 101 unused Assets to reduce memory usage. Loaded Objects now: 2369.
Total: 3.332000 ms (FindLiveObjects: 0.278400 ms CreateObjectMapping: 0.122800 ms MarkObjects: 2.825700 ms  DeleteObjects: 0.103500 ms)

========================================================================
Received Prepare
Refreshing native plugins compatible for Editor in 24.90 ms, found 11 plugins.
Preloading 1 native plugins for Editor in 0.07 ms.
Unloading 101 Unused Serialized files (Serialized files now loaded: 0)
System memory in use before: 46.6 MB.
System memory in use after: 46.7 MB.

Unloading 101 unused Assets to reduce memory usage. Loaded Objects now: 2369.
Total: 3.297200 ms (FindLiveObjects: 0.230600 ms CreateObjectMapping: 0.101000 ms MarkObjects: 2.825500 ms  DeleteObjects: 0.138600 ms)

========================================================================
Received Import Request.
  path: Assets/Script/AuthManager.cs
  artifactKey: Guid(4d55aced7e23fdc46ab798ac8c124873) Importer(815301076,1909f56bfc062723c751e8b465ee728b)
Start importing Assets/Script/AuthManager.cs using Guid(4d55aced7e23fdc46ab798ac8c124873) Importer(815301076,1909f56bfc062723c751e8b465ee728b)  -> (artifact id: '67e4373658cf9e2a9c2a50ae53a2ba66') in 0.039027 seconds
  Import took 0.045886 seconds .

========================================================================
Received Prepare
Registering precompiled user dll's ...
Registered in 0.021731 seconds.
Begin MonoManager ReloadAssembly
Native extension for WindowsStandalone target not found
Native extension for OSXStandalone target not found
Native extension for WebGL target not found
Refreshing native plugins compatible for Editor in 1.75 ms, found 11 plugins.
Preloading 1 native plugins for Editor in 0.09 ms.
Mono: successfully reloaded assembly
- Completed reload, in  1.561 seconds
Platform modules already initialized, skipping
Switching build target platform(5) subTarget(0) extendedPlatform(0) -> platform(13) subTarget(589824) extendedPlatform(0)
Refreshing native plugins compatible for Editor in 1.21 ms, found 11 plugins.
Preloading 1 native plugins for Editor in 0.07 ms.
Unloading 2029 Unused Serialized files (Serialized files now loaded: 0)
System memory in use before: 85.4 MB.
System memory in use after: 85.5 MB.

Unloading 168 unused Assets to reduce memory usage. Loaded Objects now: 2372.
Total: 2.515600 ms (FindLiveObjects: 0.193400 ms CreateObjectMapping: 0.069500 ms MarkObjects: 2.146700 ms  DeleteObjects: 0.105000 ms)

AssetImportParameters requested are different than current active one (requested -> active):
  custom:graphics/normal-map-encoding: 01000000000000000000000000000000 -> 02000000000000000000000000000000
========================================================================
Received Import Request.
  Time since last request: 44.000345 seconds.
  path: Assets/Script/AuthManager.cs
  artifactKey: Guid(4d55aced7e23fdc46ab798ac8c124873) Importer(815301076,1909f56bfc062723c751e8b465ee728b)
Start importing Assets/Script/AuthManager.cs using Guid(4d55aced7e23fdc46ab798ac8c124873) Importer(815301076,1909f56bfc062723c751e8b465ee728b)  -> (artifact id: 'c1ad4ad371d35b219ff606d9a2fbc2d0') in 0.008577 seconds
  Import took 0.015009 seconds .

========================================================================
Received Prepare
Registering precompiled user dll's ...
Registered in 0.010325 seconds.
Begin MonoManager ReloadAssembly
Native extension for WindowsStandalone target not found
Native extension for OSXStandalone target not found
Native extension for WebGL target not found
Refreshing native plugins compatible for Editor in 1.27 ms, found 11 plugins.
Preloading 1 native plugins for Editor in 0.06 ms.
Mono: successfully reloaded assembly
- Completed reload, in  1.517 seconds
Platform modules already initialized, skipping
Switching build target platform(5) subTarget(0) extendedPlatform(0) -> platform(13) subTarget(589824) extendedPlatform(0)
Refreshing native plugins compatible for Editor in 1.94 ms, found 11 plugins.
Preloading 1 native plugins for Editor in 0.16 ms.
Unloading 2030 Unused Serialized files (Serialized files now loaded: 0)
System memory in use before: 85.5 MB.
System memory in use after: 85.6 MB.

Unloading 167 unused Assets to reduce memory usage. Loaded Objects now: 2377.
Total: 4.269000 ms (FindLiveObjects: 0.215400 ms CreateObjectMapping: 0.095100 ms MarkObjects: 3.760000 ms  DeleteObjects: 0.196900 ms)

AssetImportParameters requested are different than current active one (requested -> active):
  custom:graphics/normal-map-encoding: 01000000000000000000000000000000 -> 02000000000000000000000000000000
========================================================================
Received Prepare
Registering precompiled user dll's ...
Registered in 0.013197 seconds.
Begin MonoManager ReloadAssembly
Native extension for WindowsStandalone target not found
Native extension for OSXStandalone target not found
Native extension for WebGL target not found
Refreshing native plugins compatible for Editor in 2.07 ms, found 11 plugins.
Preloading 1 native plugins for Editor in 0.10 ms.
Mono: successfully reloaded assembly
- Completed reload, in  1.611 seconds
Platform modules already initialized, skipping
Switching build target platform(5) subTarget(0) extendedPlatform(0) -> platform(13) subTarget(589824) extendedPlatform(0)
Refreshing native plugins compatible for Editor in 1.55 ms, found 11 plugins.
Preloading 1 native plugins for Editor in 0.08 ms.
Unloading 2030 Unused Serialized files (Serialized files now loaded: 0)
System memory in use before: 85.5 MB.
System memory in use after: 85.6 MB.

Unloading 167 unused Assets to reduce memory usage. Loaded Objects now: 2381.
Total: 2.570000 ms (FindLiveObjects: 0.197900 ms CreateObjectMapping: 0.078000 ms MarkObjects: 2.194600 ms  DeleteObjects: 0.098300 ms)

AssetImportParameters requested are different than current active one (requested -> active):
  custom:graphics/normal-map-encoding: 01000000000000000000000000000000 -> 02000000000000000000000000000000
========================================================================
Received Import Request.
  Time since last request: 39.813205 seconds.
  path: Assets/Script/AuthManager.cs
  artifactKey: Guid(4d55aced7e23fdc46ab798ac8c124873) Importer(815301076,1909f56bfc062723c751e8b465ee728b)
Start importing Assets/Script/AuthManager.cs using Guid(4d55aced7e23fdc46ab798ac8c124873) Importer(815301076,1909f56bfc062723c751e8b465ee728b)  -> (artifact id: '864af1f03ec0548e5f8085ddcf3def31') in 0.006867 seconds
  Import took 0.013185 seconds .

========================================================================
Received Import Request.
  Time since last request: 0.070111 seconds.
  path: Assets/Script/AuthManager.cs
  artifactKey: Guid(4d55aced7e23fdc46ab798ac8c124873) Importer(815301076,1909f56bfc062723c751e8b465ee728b)
Start importing Assets/Script/AuthManager.cs using Guid(4d55aced7e23fdc46ab798ac8c124873) Importer(815301076,1909f56bfc062723c751e8b465ee728b)  -> (artifact id: '864af1f03ec0548e5f8085ddcf3def31') in 0.005469 seconds
  Import took 0.010448 seconds .

========================================================================
Received Prepare
Registering precompiled user dll's ...
Registered in 0.009283 seconds.
Begin MonoManager ReloadAssembly
Native extension for WindowsStandalone target not found
Native extension for OSXStandalone target not found
Native extension for WebGL target not found
Refreshing native plugins compatible for Editor in 1.12 ms, found 11 plugins.
Preloading 1 native plugins for Editor in 0.05 ms.
Mono: successfully reloaded assembly
- Completed reload, in  1.216 seconds
Platform modules already initialized, skipping
Switching build target platform(5) subTarget(0) extendedPlatform(0) -> platform(13) subTarget(589824) extendedPlatform(0)
Refreshing native plugins compatible for Editor in 1.50 ms, found 11 plugins.
Preloading 1 native plugins for Editor in 0.06 ms.
Unloading 2030 Unused Serialized files (Serialized files now loaded: 0)
System memory in use before: 85.5 MB.
System memory in use after: 85.6 MB.

Unloading 167 unused Assets to reduce memory usage. Loaded Objects now: 2385.
Total: 5.865900 ms (FindLiveObjects: 0.660700 ms CreateObjectMapping: 0.511200 ms MarkObjects: 4.506200 ms  DeleteObjects: 0.184100 ms)

AssetImportParameters requested are different than current active one (requested -> active):
  custom:graphics/normal-map-encoding: 01000000000000000000000000000000 -> 02000000000000000000000000000000
AssetImportWorkerClient::OnTransportError - code=2 error=End of file
